{
"contracts/Ico.sol":{"l":{"21":6,"22":6,"23":6,"27":29,"28":28,"29":27,"30":25,"31":22,"32":22,"36":5,"37":4,"38":3,"39":2,"40":2,"41":2,"45":5,"46":4,"50":17,"51":16,"55":24,"56":22,"57":14,"59":7,"64":25,"65":14,"67":5,"69":6,"74":27,"75":15,"77":12,"82":28,"83":1,"85":27},"path":"/Users/milansaxena/macro-assignments/student.milansax96/ico/contracts/Ico.sol","s":{"1":29,"2":28,"3":27,"4":25,"5":5,"6":4,"7":3,"8":2,"9":2,"10":5,"11":17,"12":24,"13":22,"14":8,"15":25,"16":14,"17":11,"18":5,"19":6,"20":27,"21":15,"22":12,"23":28,"24":1,"25":27},"b":{"1":[28,1],"2":[27,1],"3":[25,2],"4":[22,3],"5":[4,1],"6":[3,1],"7":[2,1],"8":[4,1],"9":[16,1],"10":[22,2],"11":[14,8],"12":[7,1],"13":[14,11],"14":[5,6],"15":[15,12],"16":[1,27]},"f":{"1":6,"2":29,"3":5,"4":5,"5":17,"6":24,"7":25,"8":27,"9":28},"fnMap":{"1":{"name":"constructor","line":20,"loc":{"start":{"line":20,"column":4},"end":{"line":24,"column":4}}},"2":{"name":"buySpaceCoin","line":26,"loc":{"start":{"line":26,"column":4},"end":{"line":33,"column":4}}},"3":{"name":"redeemSPCTokens","line":35,"loc":{"start":{"line":35,"column":4},"end":{"line":42,"column":4}}},"4":{"name":"togglePause","line":44,"loc":{"start":{"line":44,"column":4},"end":{"line":47,"column":4}}},"5":{"name":"addUserToAllowList","line":49,"loc":{"start":{"line":49,"column":4},"end":{"line":52,"column":4}}},"6":{"name":"advancePhase","line":54,"loc":{"start":{"line":54,"column":4},"end":{"line":61,"column":4}}},"7":{"name":"_checkIndividualContributionLimit","line":63,"loc":{"start":{"line":63,"column":4},"end":{"line":71,"column":4}}},"8":{"name":"_checkTotalContributionLimit","line":73,"loc":{"start":{"line":73,"column":4},"end":{"line":79,"column":4}}},"9":{"name":"_checkIcoPhaseConditions","line":81,"loc":{"start":{"line":81,"column":4},"end":{"line":86,"column":4}}}},"statementMap":{"1":{"start":{"line":27,"column":8},"end":{"line":27,"column":42}},"2":{"start":{"line":28,"column":8},"end":{"line":28,"column":68}},"3":{"start":{"line":29,"column":8},"end":{"line":29,"column":92}},"4":{"start":{"line":30,"column":8},"end":{"line":30,"column":102}},"5":{"start":{"line":36,"column":8},"end":{"line":36,"column":45}},"6":{"start":{"line":37,"column":8},"end":{"line":37,"column":64}},"7":{"start":{"line":38,"column":8},"end":{"line":38,"column":50}},"8":{"start":{"line":39,"column":8},"end":{"line":39,"column":68}},"9":{"start":{"line":41,"column":8},"end":{"line":41,"column":60}},"10":{"start":{"line":45,"column":8},"end":{"line":45,"column":61}},"11":{"start":{"line":50,"column":8},"end":{"line":50,"column":61}},"12":{"start":{"line":55,"column":8},"end":{"line":55,"column":61}},"13":{"start":{"line":56,"column":8},"end":{"line":56,"column":1892}},"14":{"start":{"line":58,"column":15},"end":{"line":58,"column":1975}},"15":{"start":{"line":64,"column":8},"end":{"line":64,"column":2159}},"16":{"start":{"line":65,"column":12},"end":{"line":65,"column":66}},"17":{"start":{"line":66,"column":15},"end":{"line":66,"column":2272}},"18":{"start":{"line":67,"column":12},"end":{"line":67,"column":66}},"19":{"start":{"line":69,"column":12},"end":{"line":69,"column":23}},"20":{"start":{"line":74,"column":8},"end":{"line":74,"column":2526}},"21":{"start":{"line":75,"column":12},"end":{"line":75,"column":56}},"22":{"start":{"line":77,"column":12},"end":{"line":77,"column":56}},"23":{"start":{"line":82,"column":8},"end":{"line":82,"column":2801}},"24":{"start":{"line":83,"column":12},"end":{"line":83,"column":24}},"25":{"start":{"line":85,"column":8},"end":{"line":85,"column":19}}},"branchMap":{"1":{"line":27,"type":"if","locations":[{"start":{"line":27,"column":8},"end":{"line":27,"column":8}},{"start":{"line":27,"column":8},"end":{"line":27,"column":8}}]},"2":{"line":28,"type":"if","locations":[{"start":{"line":28,"column":8},"end":{"line":28,"column":8}},{"start":{"line":28,"column":8},"end":{"line":28,"column":8}}]},"3":{"line":29,"type":"if","locations":[{"start":{"line":29,"column":8},"end":{"line":29,"column":8}},{"start":{"line":29,"column":8},"end":{"line":29,"column":8}}]},"4":{"line":30,"type":"if","locations":[{"start":{"line":30,"column":8},"end":{"line":30,"column":8}},{"start":{"line":30,"column":8},"end":{"line":30,"column":8}}]},"5":{"line":36,"type":"if","locations":[{"start":{"line":36,"column":8},"end":{"line":36,"column":8}},{"start":{"line":36,"column":8},"end":{"line":36,"column":8}}]},"6":{"line":37,"type":"if","locations":[{"start":{"line":37,"column":8},"end":{"line":37,"column":8}},{"start":{"line":37,"column":8},"end":{"line":37,"column":8}}]},"7":{"line":38,"type":"if","locations":[{"start":{"line":38,"column":8},"end":{"line":38,"column":8}},{"start":{"line":38,"column":8},"end":{"line":38,"column":8}}]},"8":{"line":45,"type":"if","locations":[{"start":{"line":45,"column":8},"end":{"line":45,"column":8}},{"start":{"line":45,"column":8},"end":{"line":45,"column":8}}]},"9":{"line":50,"type":"if","locations":[{"start":{"line":50,"column":8},"end":{"line":50,"column":8}},{"start":{"line":50,"column":8},"end":{"line":50,"column":8}}]},"10":{"line":55,"type":"if","locations":[{"start":{"line":55,"column":8},"end":{"line":55,"column":8}},{"start":{"line":55,"column":8},"end":{"line":55,"column":8}}]},"11":{"line":56,"type":"if","locations":[{"start":{"line":56,"column":8},"end":{"line":56,"column":8}},{"start":{"line":56,"column":8},"end":{"line":56,"column":8}}]},"12":{"line":58,"type":"if","locations":[{"start":{"line":58,"column":15},"end":{"line":58,"column":15}},{"start":{"line":58,"column":15},"end":{"line":58,"column":15}}]},"13":{"line":64,"type":"if","locations":[{"start":{"line":64,"column":8},"end":{"line":64,"column":8}},{"start":{"line":64,"column":8},"end":{"line":64,"column":8}}]},"14":{"line":66,"type":"if","locations":[{"start":{"line":66,"column":15},"end":{"line":66,"column":15}},{"start":{"line":66,"column":15},"end":{"line":66,"column":15}}]},"15":{"line":74,"type":"if","locations":[{"start":{"line":74,"column":8},"end":{"line":74,"column":8}},{"start":{"line":74,"column":8},"end":{"line":74,"column":8}}]},"16":{"line":82,"type":"if","locations":[{"start":{"line":82,"column":8},"end":{"line":82,"column":8}},{"start":{"line":82,"column":8},"end":{"line":82,"column":8}}]}}},
"contracts/SpaceCoin.sol":{"l":{"14":12,"15":12,"16":12,"17":12,"21":6,"22":3,"23":3,"25":3,"27":6,"31":4,"32":3},"path":"/Users/milansaxena/macro-assignments/student.milansax96/ico/contracts/SpaceCoin.sol","s":{"1":12,"2":12,"3":6,"4":3,"5":3,"6":3,"7":6,"8":4},"b":{"1":[3,3],"2":[3,1]},"f":{"1":12,"2":6,"3":4},"fnMap":{"1":{"name":"constructor","line":13,"loc":{"start":{"line":13,"column":4},"end":{"line":18,"column":4}}},"2":{"name":"transfer","line":20,"loc":{"start":{"line":20,"column":4},"end":{"line":28,"column":4}}},"3":{"name":"toggleTaxEnabled","line":30,"loc":{"start":{"line":30,"column":4},"end":{"line":33,"column":4}}}},"statementMap":{"1":{"start":{"line":16,"column":8},"end":{"line":16,"column":57}},"2":{"start":{"line":17,"column":8},"end":{"line":17,"column":62}},"3":{"start":{"line":21,"column":8},"end":{"line":21,"column":648}},"4":{"start":{"line":22,"column":12},"end":{"line":22,"column":60}},"5":{"start":{"line":23,"column":12},"end":{"line":23,"column":58}},"6":{"start":{"line":25,"column":12},"end":{"line":25,"column":37}},"7":{"start":{"line":27,"column":8},"end":{"line":27,"column":19}},"8":{"start":{"line":31,"column":8},"end":{"line":31,"column":49}}},"branchMap":{"1":{"line":21,"type":"if","locations":[{"start":{"line":21,"column":8},"end":{"line":21,"column":8}},{"start":{"line":21,"column":8},"end":{"line":21,"column":8}}]},"2":{"line":31,"type":"if","locations":[{"start":{"line":31,"column":8},"end":{"line":31,"column":8}},{"start":{"line":31,"column":8},"end":{"line":31,"column":8}}]}}}}
