TN:
SF:/Users/milansaxena/macro-assignments/student.milansax96/ico/contracts/Ico.sol
FN:20,constructor
FN:26,buySpaceCoin
FN:35,redeemSPCTokens
FN:44,togglePause
FN:49,addUserToAllowList
FN:54,advancePhase
FN:63,_checkIndividualContributionLimit
FN:73,_checkTotalContributionLimit
FN:81,_checkIcoPhaseConditions
FNF:9
FNH:9
FNDA:6,constructor
FNDA:29,buySpaceCoin
FNDA:5,redeemSPCTokens
FNDA:5,togglePause
FNDA:17,addUserToAllowList
FNDA:24,advancePhase
FNDA:25,_checkIndividualContributionLimit
FNDA:27,_checkTotalContributionLimit
FNDA:28,_checkIcoPhaseConditions
DA:21,6
DA:22,6
DA:23,6
DA:27,29
DA:28,28
DA:29,27
DA:30,25
DA:31,22
DA:32,22
DA:36,5
DA:37,4
DA:38,3
DA:39,2
DA:40,2
DA:41,2
DA:45,5
DA:46,4
DA:50,17
DA:51,16
DA:55,24
DA:56,22
DA:57,14
DA:59,7
DA:64,25
DA:65,14
DA:67,5
DA:69,6
DA:74,27
DA:75,15
DA:77,12
DA:82,28
DA:83,1
DA:85,27
LF:33
LH:33
BRDA:27,1,0,28
BRDA:27,1,1,1
BRDA:28,2,0,27
BRDA:28,2,1,1
BRDA:29,3,0,25
BRDA:29,3,1,2
BRDA:30,4,0,22
BRDA:30,4,1,3
BRDA:36,5,0,4
BRDA:36,5,1,1
BRDA:37,6,0,3
BRDA:37,6,1,1
BRDA:38,7,0,2
BRDA:38,7,1,1
BRDA:45,8,0,4
BRDA:45,8,1,1
BRDA:50,9,0,16
BRDA:50,9,1,1
BRDA:55,10,0,22
BRDA:55,10,1,2
BRDA:56,11,0,14
BRDA:56,11,1,8
BRDA:58,12,0,7
BRDA:58,12,1,1
BRDA:64,13,0,14
BRDA:64,13,1,11
BRDA:66,14,0,5
BRDA:66,14,1,6
BRDA:74,15,0,15
BRDA:74,15,1,12
BRDA:82,16,0,1
BRDA:82,16,1,27
BRF:32
BRH:32
end_of_record
TN:
SF:/Users/milansaxena/macro-assignments/student.milansax96/ico/contracts/SpaceCoin.sol
FN:13,constructor
FN:20,transfer
FN:30,toggleTaxEnabled
FNF:3
FNH:3
FNDA:12,constructor
FNDA:6,transfer
FNDA:4,toggleTaxEnabled
DA:14,12
DA:15,12
DA:16,12
DA:17,12
DA:21,6
DA:22,3
DA:23,3
DA:25,3
DA:27,6
DA:31,4
DA:32,3
LF:11
LH:11
BRDA:21,1,0,3
BRDA:21,1,1,3
BRDA:31,2,0,3
BRDA:31,2,1,1
BRF:4
BRH:4
end_of_record
